This file contains any messages produced by compilers while
running configure, to aid debugging if configure makes a mistake.

It was created by radish configure 0.0.2, which was
generated by GNU Autoconf 2.69.  Invocation command line was

  $ ./configure 

## --------- ##
## Platform. ##
## --------- ##

hostname = andrena
uname -m = x86_64
uname -r = 5.4.0-99-generic
uname -s = Linux
uname -v = #112~18.04.1-Ubuntu SMP Thu Feb 3 14:09:57 UTC 2022

/usr/bin/uname -p = unknown
/bin/uname -X     = unknown

/bin/arch              = unknown
/usr/bin/arch -k       = unknown
/usr/convex/getsysinfo = unknown
/usr/bin/hostinfo      = unknown
/bin/machine           = unknown
/usr/bin/oslevel       = unknown
/bin/universe          = unknown

PATH: /home/nathaniel/.local/bin
PATH: /home/nathaniel/miniconda3/envs/tskit-dev/bin
PATH: /home/nathaniel/miniconda3/condabin
PATH: /home/nathaniel/perl5/bin
PATH: /home/nathaniel/.local/bin
PATH: /usr/local/sbin
PATH: /usr/local/bin
PATH: /usr/sbin
PATH: /usr/bin
PATH: /sbin
PATH: /bin
PATH: /usr/games
PATH: /usr/local/games
PATH: /snap/bin


## ----------- ##
## Core tests. ##
## ----------- ##

configure:1910: checking for C++ compiler version
configure:1919: g++ -std=gnu++14 --version >&5
g++ (Ubuntu 7.5.0-3ubuntu1~18.04) 7.5.0
Copyright (C) 2017 Free Software Foundation, Inc.
This is free software; see the source for copying conditions.  There is NO
warranty; not even for MERCHANTABILITY or FITNESS FOR A PARTICULAR PURPOSE.

configure:1930: $? = 0
configure:1919: g++ -std=gnu++14 -v >&5
Using built-in specs.
COLLECT_GCC=g++
COLLECT_LTO_WRAPPER=/usr/lib/gcc/x86_64-linux-gnu/7/lto-wrapper
OFFLOAD_TARGET_NAMES=nvptx-none
OFFLOAD_TARGET_DEFAULT=1
Target: x86_64-linux-gnu
Configured with: ../src/configure -v --with-pkgversion='Ubuntu 7.5.0-3ubuntu1~18.04' --with-bugurl=file:///usr/share/doc/gcc-7/README.Bugs --enable-languages=c,ada,c++,go,brig,d,fortran,objc,obj-c++ --prefix=/usr --with-gcc-major-version-only --program-suffix=-7 --program-prefix=x86_64-linux-gnu- --enable-shared --enable-linker-build-id --libexecdir=/usr/lib --without-included-gettext --enable-threads=posix --libdir=/usr/lib --enable-nls --enable-bootstrap --enable-clocale=gnu --enable-libstdcxx-debug --enable-libstdcxx-time=yes --with-default-libstdcxx-abi=new --enable-gnu-unique-object --disable-vtable-verify --enable-libmpx --enable-plugin --enable-default-pie --with-system-zlib --with-target-system-zlib --enable-objc-gc=auto --enable-multiarch --disable-werror --with-arch-32=i686 --with-abi=m64 --with-multilib-list=m32,m64,mx32 --enable-multilib --with-tune=generic --enable-offload-targets=nvptx-none --without-cuda-driver --enable-checking=release --build=x86_64-linux-gnu --host=x86_64-linux-gnu --target=x86_64-linux-gnu
Thread model: posix
gcc version 7.5.0 (Ubuntu 7.5.0-3ubuntu1~18.04) 
configure:1930: $? = 0
configure:1919: g++ -std=gnu++14 -V >&5
g++: error: unrecognized command line option '-V'
g++: fatal error: no input files
compilation terminated.
configure:1930: $? = 1
configure:1919: g++ -std=gnu++14 -qversion >&5
g++: error: unrecognized command line option '-qversion'; did you mean '--version'?
g++: fatal error: no input files
compilation terminated.
configure:1930: $? = 1
configure:1950: checking whether the C++ compiler works
configure:1972: g++ -std=gnu++14 -g -O2 -fdebug-prefix-map=/build/r-base-J7pprH/r-base-4.1.2=. -fstack-protector-strong -Wformat -Werror=format-security -Wdate-time -D_FORTIFY_SOURCE=2 -g   conftest.cpp  >&5
configure:1976: $? = 0
configure:2024: result: yes
configure:2027: checking for C++ compiler default output file name
configure:2029: result: a.out
configure:2035: checking for suffix of executables
configure:2042: g++ -std=gnu++14 -o conftest -g -O2 -fdebug-prefix-map=/build/r-base-J7pprH/r-base-4.1.2=. -fstack-protector-strong -Wformat -Werror=format-security -Wdate-time -D_FORTIFY_SOURCE=2 -g   conftest.cpp  >&5
configure:2046: $? = 0
configure:2068: result: 
configure:2090: checking whether we are cross compiling
configure:2098: g++ -std=gnu++14 -o conftest -g -O2 -fdebug-prefix-map=/build/r-base-J7pprH/r-base-4.1.2=. -fstack-protector-strong -Wformat -Werror=format-security -Wdate-time -D_FORTIFY_SOURCE=2 -g   conftest.cpp  >&5
configure:2102: $? = 0
configure:2109: ./conftest
configure:2113: $? = 0
configure:2128: result: no
configure:2133: checking for suffix of object files
configure:2155: g++ -std=gnu++14 -c -g -O2 -fdebug-prefix-map=/build/r-base-J7pprH/r-base-4.1.2=. -fstack-protector-strong -Wformat -Werror=format-security -Wdate-time -D_FORTIFY_SOURCE=2 -g  conftest.cpp >&5
configure:2159: $? = 0
configure:2180: result: o
configure:2184: checking whether we are using the GNU C++ compiler
configure:2203: g++ -std=gnu++14 -c -g -O2 -fdebug-prefix-map=/build/r-base-J7pprH/r-base-4.1.2=. -fstack-protector-strong -Wformat -Werror=format-security -Wdate-time -D_FORTIFY_SOURCE=2 -g  conftest.cpp >&5
configure:2203: $? = 0
configure:2212: result: yes
configure:2221: checking whether g++ -std=gnu++14 accepts -g
configure:2241: g++ -std=gnu++14 -c -g  conftest.cpp >&5
configure:2241: $? = 0
configure:2282: result: yes
configure:2311: checking how to run the C++ preprocessor
configure:2338: g++ -std=gnu++14 -E  conftest.cpp
configure:2338: $? = 0
configure:2352: g++ -std=gnu++14 -E  conftest.cpp
conftest.cpp:9:10: fatal error: ac_nonexistent.h: No such file or directory
 #include <ac_nonexistent.h>
          ^~~~~~~~~~~~~~~~~~
compilation terminated.
configure:2352: $? = 1
configure: failed program was:
| /* confdefs.h */
| #define PACKAGE_NAME "radish"
| #define PACKAGE_TARNAME "radish"
| #define PACKAGE_VERSION "0.0.2"
| #define PACKAGE_STRING "radish 0.0.2"
| #define PACKAGE_BUGREPORT ""
| #define PACKAGE_URL ""
| /* end confdefs.h.  */
| #include <ac_nonexistent.h>
configure:2377: result: g++ -std=gnu++14 -E
configure:2397: g++ -std=gnu++14 -E  conftest.cpp
configure:2397: $? = 0
configure:2411: g++ -std=gnu++14 -E  conftest.cpp
conftest.cpp:9:10: fatal error: ac_nonexistent.h: No such file or directory
 #include <ac_nonexistent.h>
          ^~~~~~~~~~~~~~~~~~
compilation terminated.
configure:2411: $? = 1
configure: failed program was:
| /* confdefs.h */
| #define PACKAGE_NAME "radish"
| #define PACKAGE_TARNAME "radish"
| #define PACKAGE_VERSION "0.0.2"
| #define PACKAGE_STRING "radish 0.0.2"
| #define PACKAGE_BUGREPORT ""
| #define PACKAGE_URL ""
| /* end confdefs.h.  */
| #include <ac_nonexistent.h>
configure:2448: checking for macOS
configure:2458: result: not found as on Linux
configure:2461: checking for OpenMP
configure:2471: result: found
configure:2634: creating ./config.status

## ---------------------- ##
## Running config.status. ##
## ---------------------- ##

This file was extended by radish config.status 0.0.2, which was
generated by GNU Autoconf 2.69.  Invocation command line was

  CONFIG_FILES    = 
  CONFIG_HEADERS  = 
  CONFIG_LINKS    = 
  CONFIG_COMMANDS = 
  $ ./config.status 

on andrena

config.status:724: creating src/Makevars

## ---------------- ##
## Cache variables. ##
## ---------------- ##

ac_cv_cxx_compiler_gnu=yes
ac_cv_env_CCC_set=
ac_cv_env_CCC_value=
ac_cv_env_CPPFLAGS_set=
ac_cv_env_CPPFLAGS_value=
ac_cv_env_CXXCPP_set=
ac_cv_env_CXXCPP_value=
ac_cv_env_CXXFLAGS_set=
ac_cv_env_CXXFLAGS_value=
ac_cv_env_CXX_set=
ac_cv_env_CXX_value=
ac_cv_env_LDFLAGS_set=
ac_cv_env_LDFLAGS_value=
ac_cv_env_LIBS_set=
ac_cv_env_LIBS_value=
ac_cv_env_build_alias_set=
ac_cv_env_build_alias_value=
ac_cv_env_host_alias_set=
ac_cv_env_host_alias_value=
ac_cv_env_target_alias_set=
ac_cv_env_target_alias_value=
ac_cv_objext=o
ac_cv_prog_CXXCPP='g++ -std=gnu++14 -E'
ac_cv_prog_cxx_g=yes

## ----------------- ##
## Output variables. ##
## ----------------- ##

CPPFLAGS=''
CXX='g++ -std=gnu++14'
CXXCPP='g++ -std=gnu++14 -E'
CXXFLAGS='-g -O2 -fdebug-prefix-map=/build/r-base-J7pprH/r-base-4.1.2=. -fstack-protector-strong -Wformat -Werror=format-security -Wdate-time -D_FORTIFY_SOURCE=2 -g'
DEFS='-DPACKAGE_NAME=\"radish\" -DPACKAGE_TARNAME=\"radish\" -DPACKAGE_VERSION=\"0.0.2\" -DPACKAGE_STRING=\"radish\ 0.0.2\" -DPACKAGE_BUGREPORT=\"\" -DPACKAGE_URL=\"\"'
ECHO_C=''
ECHO_N='-n'
ECHO_T=''
EXEEXT=''
LDFLAGS=''
LIBOBJS=''
LIBS=''
LTLIBOBJS=''
OBJEXT='o'
OPENMP_CFLAG='$(SHLIB_OPENMP_CFLAGS)'
OPENMP_FLAG='$(SHLIB_OPENMP_CXXFLAGS)'
PACKAGE_BUGREPORT=''
PACKAGE_NAME='radish'
PACKAGE_STRING='radish 0.0.2'
PACKAGE_TARNAME='radish'
PACKAGE_URL=''
PACKAGE_VERSION='0.0.2'
PATH_SEPARATOR=':'
SHELL='/bin/bash'
ac_ct_CXX=''
bindir='${exec_prefix}/bin'
build_alias=''
datadir='${datarootdir}'
datarootdir='${prefix}/share'
docdir='${datarootdir}/doc/${PACKAGE_TARNAME}'
dvidir='${docdir}'
exec_prefix='${prefix}'
host_alias=''
htmldir='${docdir}'
includedir='${prefix}/include'
infodir='${datarootdir}/info'
libdir='${exec_prefix}/lib'
libexecdir='${exec_prefix}/libexec'
localedir='${datarootdir}/locale'
localstatedir='${prefix}/var'
mandir='${datarootdir}/man'
oldincludedir='/usr/include'
pdfdir='${docdir}'
prefix='/usr/local'
program_transform_name='s,x,x,'
psdir='${docdir}'
runstatedir='${localstatedir}/run'
sbindir='${exec_prefix}/sbin'
sharedstatedir='${prefix}/com'
sysconfdir='${prefix}/etc'
target_alias=''

## ----------- ##
## confdefs.h. ##
## ----------- ##

/* confdefs.h */
#define PACKAGE_NAME "radish"
#define PACKAGE_TARNAME "radish"
#define PACKAGE_VERSION "0.0.2"
#define PACKAGE_STRING "radish 0.0.2"
#define PACKAGE_BUGREPORT ""
#define PACKAGE_URL ""

configure: exit 0
